{"level":"info","message":"App is listening on url http://localhost:8080","timestamp":"2020-11-16T11:59:56.620Z"}
{"level":"info","message":"MongoDb connected successfuly...","timestamp":"2020-11-16T11:59:56.647Z"}
{"level":"info","message":"App is listening on url http://localhost:8080","timestamp":"2020-11-16T12:04:17.325Z"}
{"level":"info","message":"MongoDb connected successfuly...","timestamp":"2020-11-16T12:04:17.345Z"}
{"level":"info","message":"App is listening on url http://localhost:8080","timestamp":"2020-11-16T12:04:31.517Z"}
{"level":"info","message":"MongoDb connected successfuly...","timestamp":"2020-11-16T12:04:31.538Z"}
{"level":"info","message":"App is listening on url http://localhost:8080","timestamp":"2020-11-16T12:04:33.108Z"}
{"level":"info","message":"MongoDb connected successfuly...","timestamp":"2020-11-16T12:04:33.124Z"}
{"level":"info","message":"App is listening on url http://localhost:8080","timestamp":"2020-11-16T12:04:38.279Z"}
{"level":"info","message":"MongoDb connected successfuly...","timestamp":"2020-11-16T12:04:38.320Z"}
{"level":"info","message":"App is listening on url http://localhost:8080","timestamp":"2020-11-16T12:04:40.293Z"}
{"level":"info","message":"MongoDb connected successfuly...","timestamp":"2020-11-16T12:04:40.323Z"}
{"level":"info","message":"App is listening on url http://localhost:8080","timestamp":"2020-11-16T12:04:42.074Z"}
{"level":"info","message":"MongoDb connected successfuly...","timestamp":"2020-11-16T12:04:42.091Z"}
{"level":"info","message":"App is listening on url http://localhost:8080","timestamp":"2020-11-16T12:04:46.594Z"}
{"level":"info","message":"MongoDb connected successfuly...","timestamp":"2020-11-16T12:04:46.617Z"}
{"level":"info","message":"App is listening on url http://localhost:8080","timestamp":"2020-11-16T12:04:48.319Z"}
{"level":"info","message":"MongoDb connected successfuly...","timestamp":"2020-11-16T12:04:48.340Z"}
{"level":"info","message":"App is listening on url http://localhost:8080","timestamp":"2020-11-16T12:04:50.697Z"}
{"level":"info","message":"MongoDb connected successfuly...","timestamp":"2020-11-16T12:04:50.735Z"}
{"level":"info","message":"App is listening on url http://localhost:8080","timestamp":"2020-11-16T12:04:53.103Z"}
{"level":"info","message":"MongoDb connected successfuly...","timestamp":"2020-11-16T12:04:53.124Z"}
{"level":"info","message":"App is listening on url http://localhost:8080","timestamp":"2020-11-16T12:07:46.843Z"}
{"level":"info","message":"MongoDb connected successfuly...","timestamp":"2020-11-16T12:07:46.861Z"}
{"level":"info","message":"App is listening on url http://localhost:8080","timestamp":"2020-11-16T12:07:48.932Z"}
{"level":"info","message":"MongoDb connected successfuly...","timestamp":"2020-11-16T12:07:48.965Z"}
{"level":"info","message":"App is listening on url http://localhost:8080","timestamp":"2020-11-16T12:08:56.366Z"}
{"level":"info","message":"MongoDb connected successfuly...","timestamp":"2020-11-16T12:08:56.384Z"}
{"level":"info","message":"App is listening on url http://localhost:8080","timestamp":"2020-11-16T12:11:10.943Z"}
{"level":"info","message":"MongoDb connected successfuly...","timestamp":"2020-11-16T12:11:10.960Z"}
{"level":"info","message":"App is listening on url http://localhost:8080","timestamp":"2020-11-16T12:11:28.909Z"}
{"level":"info","message":"MongoDb connected successfuly...","timestamp":"2020-11-16T12:11:28.948Z"}
{"level":"info","message":"App is listening on url http://localhost:8080","timestamp":"2020-11-16T12:11:30.804Z"}
{"level":"info","message":"MongoDb connected successfuly...","timestamp":"2020-11-16T12:11:30.822Z"}
{"level":"info","message":"App is listening on url http://localhost:8080","timestamp":"2020-11-16T12:11:47.459Z"}
{"level":"info","message":"MongoDb connected successfuly...","timestamp":"2020-11-16T12:11:47.479Z"}
{"level":"info","message":"App is listening on url http://localhost:8080","timestamp":"2020-11-16T12:11:50.695Z"}
{"level":"info","message":"MongoDb connected successfuly...","timestamp":"2020-11-16T12:11:50.711Z"}
{"level":"info","message":"App is listening on url http://localhost:8080","timestamp":"2020-11-16T12:11:59.681Z"}
{"level":"info","message":"MongoDb connected successfuly...","timestamp":"2020-11-16T12:11:59.704Z"}
{"level":"info","message":"App is listening on url http://localhost:8080","timestamp":"2020-11-16T12:12:02.772Z"}
{"level":"info","message":"MongoDb connected successfuly...","timestamp":"2020-11-16T12:12:02.790Z"}
{"level":"info","message":"App is listening on url http://localhost:8080","timestamp":"2020-11-16T12:12:14.798Z"}
{"level":"info","message":"MongoDb connected successfuly...","timestamp":"2020-11-16T12:12:14.818Z"}
{"level":"info","message":"App is listening on url http://localhost:8080","timestamp":"2020-11-16T12:12:19.830Z"}
{"level":"info","message":"MongoDb connected successfuly...","timestamp":"2020-11-16T12:12:19.866Z"}
{"level":"info","message":"App is listening on url http://localhost:8080","timestamp":"2020-11-16T12:12:27.858Z"}
{"level":"info","message":"MongoDb connected successfuly...","timestamp":"2020-11-16T12:12:27.887Z"}
{"level":"info","message":"App is listening on url http://localhost:8080","timestamp":"2020-11-16T12:12:51.708Z"}
{"level":"info","message":"MongoDb connected successfuly...","timestamp":"2020-11-16T12:12:51.725Z"}
{"level":"info","message":"App is listening on url http://localhost:8080","timestamp":"2020-11-16T12:12:53.914Z"}
{"level":"info","message":"MongoDb connected successfuly...","timestamp":"2020-11-16T12:12:53.931Z"}
{"level":"info","message":"App is listening on url http://localhost:8080","timestamp":"2020-11-16T12:13:01.178Z"}
{"level":"info","message":"MongoDb connected successfuly...","timestamp":"2020-11-16T12:13:01.197Z"}
{"level":"info","message":"App is listening on url http://localhost:8080","timestamp":"2020-11-16T12:13:11.546Z"}
{"level":"info","message":"MongoDb connected successfuly...","timestamp":"2020-11-16T12:13:11.566Z"}
{"level":"info","message":"App is listening on url http://localhost:8080","timestamp":"2020-11-16T12:13:20.510Z"}
{"level":"info","message":"MongoDb connected successfuly...","timestamp":"2020-11-16T12:13:20.530Z"}
{"level":"info","message":"App is listening on url http://localhost:8080","timestamp":"2020-11-16T12:13:34.071Z"}
{"level":"info","message":"MongoDb connected successfuly...","timestamp":"2020-11-16T12:13:34.092Z"}
{"level":"info","message":"App is listening on url http://localhost:8080","timestamp":"2020-11-16T12:13:55.698Z"}
{"level":"info","message":"MongoDb connected successfuly...","timestamp":"2020-11-16T12:13:55.719Z"}
{"level":"info","message":"App is listening on url http://localhost:8080","timestamp":"2020-11-16T12:14:03.972Z"}
{"level":"info","message":"MongoDb connected successfuly...","timestamp":"2020-11-16T12:14:03.992Z"}
{"level":"info","message":"App is listening on url http://localhost:8080","timestamp":"2020-11-16T12:14:07.188Z"}
{"level":"info","message":"MongoDb connected successfuly...","timestamp":"2020-11-16T12:14:07.215Z"}
{"level":"info","message":"App is listening on url http://localhost:8080","timestamp":"2020-11-16T12:14:13.065Z"}
{"level":"info","message":"MongoDb connected successfuly...","timestamp":"2020-11-16T12:14:13.104Z"}
{"level":"info","message":"App is listening on url http://localhost:8080","timestamp":"2020-11-16T12:14:16.523Z"}
{"level":"info","message":"MongoDb connected successfuly...","timestamp":"2020-11-16T12:14:16.540Z"}
{"level":"info","message":"App is listening on url http://localhost:8080","timestamp":"2020-11-16T12:14:17.712Z"}
{"level":"info","message":"MongoDb connected successfuly...","timestamp":"2020-11-16T12:14:17.736Z"}
{"level":"info","message":"App is listening on url http://localhost:8080","timestamp":"2020-11-16T12:14:28.509Z"}
{"level":"info","message":"MongoDb connected successfuly...","timestamp":"2020-11-16T12:14:28.537Z"}
{"level":"info","message":"App is listening on url http://localhost:8080","timestamp":"2020-11-16T12:14:31.391Z"}
{"level":"info","message":"MongoDb connected successfuly...","timestamp":"2020-11-16T12:14:31.411Z"}
{"level":"info","message":"App is listening on url http://localhost:8080","timestamp":"2020-11-16T12:14:37.388Z"}
{"level":"info","message":"MongoDb connected successfuly...","timestamp":"2020-11-16T12:14:37.407Z"}
{"level":"info","message":"App is listening on url http://localhost:8080","timestamp":"2020-11-16T12:14:48.747Z"}
{"level":"info","message":"MongoDb connected successfuly...","timestamp":"2020-11-16T12:14:48.766Z"}
{"level":"info","message":"App is listening on url http://localhost:8080","timestamp":"2020-11-16T12:14:50.726Z"}
{"level":"info","message":"MongoDb connected successfuly...","timestamp":"2020-11-16T12:14:50.746Z"}
{"level":"info","message":"App is listening on url http://localhost:8080","timestamp":"2020-11-16T12:14:53.340Z"}
{"level":"info","message":"MongoDb connected successfuly...","timestamp":"2020-11-16T12:14:53.364Z"}
{"message":"db already exists with different case already have: [customerdb] trying to create [customerDB]","stack":"MongoError: db already exists with different case already have: [customerdb] trying to create [customerDB]\n    at Function.create (E:\\channeldata\\programmings\\node-mongo-mvc-crud\\node_modules\\mongodb\\lib\\core\\error.js:57:12)\n    at toError (E:\\channeldata\\programmings\\node-mongo-mvc-crud\\node_modules\\mongodb\\lib\\utils.js:123:22)\n    at E:\\channeldata\\programmings\\node-mongo-mvc-crud\\node_modules\\mongodb\\lib\\operations\\common_functions.js:265:39\n    at handler (E:\\channeldata\\programmings\\node-mongo-mvc-crud\\node_modules\\mongodb\\lib\\core\\sdam\\topology.js:942:24)\n    at E:\\channeldata\\programmings\\node-mongo-mvc-crud\\node_modules\\mongodb\\lib\\cmap\\connection_pool.js:350:13\n    at handleOperationResult (E:\\channeldata\\programmings\\node-mongo-mvc-crud\\node_modules\\mongodb\\lib\\core\\sdam\\server.js:558:5)\n    at MessageStream.messageHandler (E:\\channeldata\\programmings\\node-mongo-mvc-crud\\node_modules\\mongodb\\lib\\cmap\\connection.js:277:5)\n    at MessageStream.emit (events.js:311:20)\n    at processIncomingData (E:\\channeldata\\programmings\\node-mongo-mvc-crud\\node_modules\\mongodb\\lib\\cmap\\message_stream.js:144:12)\n    at MessageStream._write (E:\\channeldata\\programmings\\node-mongo-mvc-crud\\node_modules\\mongodb\\lib\\cmap\\message_stream.js:42:5)\n    at doWrite (_stream_writable.js:441:12)\n    at writeOrBuffer (_stream_writable.js:425:5)\n    at MessageStream.Writable.write (_stream_writable.js:316:11)\n    at Socket.ondata (_stream_readable.js:714:22)\n    at Socket.emit (events.js:311:20)\n    at addChunk (_stream_readable.js:294:12)","driver":true,"name":"MongoError","index":0,"code":13297,"level":"error","timestamp":"2020-11-16T12:16:47.930Z"}
{"level":"info","message":"App is listening on url http://localhost:8080","timestamp":"2020-11-16T12:18:21.418Z"}
{"level":"info","message":"MongoDb connected successfuly...","timestamp":"2020-11-16T12:18:21.437Z"}
{"message":"db already exists with different case already have: [customerdb] trying to create [customerDB]","stack":"MongoError: db already exists with different case already have: [customerdb] trying to create [customerDB]\n    at Function.create (E:\\channeldata\\programmings\\node-mongo-mvc-crud\\node_modules\\mongodb\\lib\\core\\error.js:57:12)\n    at toError (E:\\channeldata\\programmings\\node-mongo-mvc-crud\\node_modules\\mongodb\\lib\\utils.js:123:22)\n    at E:\\channeldata\\programmings\\node-mongo-mvc-crud\\node_modules\\mongodb\\lib\\operations\\common_functions.js:265:39\n    at handler (E:\\channeldata\\programmings\\node-mongo-mvc-crud\\node_modules\\mongodb\\lib\\core\\sdam\\topology.js:942:24)\n    at E:\\channeldata\\programmings\\node-mongo-mvc-crud\\node_modules\\mongodb\\lib\\cmap\\connection_pool.js:350:13\n    at handleOperationResult (E:\\channeldata\\programmings\\node-mongo-mvc-crud\\node_modules\\mongodb\\lib\\core\\sdam\\server.js:558:5)\n    at MessageStream.messageHandler (E:\\channeldata\\programmings\\node-mongo-mvc-crud\\node_modules\\mongodb\\lib\\cmap\\connection.js:277:5)\n    at MessageStream.emit (events.js:311:20)\n    at processIncomingData (E:\\channeldata\\programmings\\node-mongo-mvc-crud\\node_modules\\mongodb\\lib\\cmap\\message_stream.js:144:12)\n    at MessageStream._write (E:\\channeldata\\programmings\\node-mongo-mvc-crud\\node_modules\\mongodb\\lib\\cmap\\message_stream.js:42:5)\n    at doWrite (_stream_writable.js:441:12)\n    at writeOrBuffer (_stream_writable.js:425:5)\n    at MessageStream.Writable.write (_stream_writable.js:316:11)\n    at Socket.ondata (_stream_readable.js:714:22)\n    at Socket.emit (events.js:311:20)\n    at addChunk (_stream_readable.js:294:12)","driver":true,"name":"MongoError","index":0,"code":13297,"level":"error","timestamp":"2020-11-16T12:18:35.521Z"}
{"level":"info","message":"App is listening on url http://localhost:8080","timestamp":"2020-11-16T12:19:33.319Z"}
{"level":"info","message":"MongoDb connected successfuly...","timestamp":"2020-11-16T12:19:33.337Z"}
{"level":"info","message":"App is listening on url http://localhost:8080","timestamp":"2020-11-16T12:19:36.541Z"}
{"level":"info","message":"MongoDb connected successfuly...","timestamp":"2020-11-16T12:19:36.558Z"}
{"level":"info","message":"App is listening on url http://localhost:8080","timestamp":"2020-11-16T12:22:02.451Z"}
{"level":"info","message":"MongoDb connected successfuly...","timestamp":"2020-11-16T12:22:02.471Z"}
{"level":"info","message":"App is listening on url http://localhost:8080","timestamp":"2020-11-16T12:22:14.459Z"}
{"level":"info","message":"MongoDb connected successfuly...","timestamp":"2020-11-16T12:22:14.479Z"}
{"level":"info","message":"App is listening on url http://localhost:8080","timestamp":"2020-11-16T12:22:16.073Z"}
{"level":"info","message":"MongoDb connected successfuly...","timestamp":"2020-11-16T12:22:16.091Z"}
{"level":"info","message":"App is listening on url http://localhost:8080","timestamp":"2020-11-16T12:22:18.896Z"}
{"level":"info","message":"MongoDb connected successfuly...","timestamp":"2020-11-16T12:22:18.924Z"}
{"level":"info","message":"App is listening on url http://localhost:8080","timestamp":"2020-11-16T12:22:21.420Z"}
{"level":"info","message":"MongoDb connected successfuly...","timestamp":"2020-11-16T12:22:21.440Z"}
{"level":"info","message":"App is listening on url http://localhost:8080","timestamp":"2020-11-16T12:22:34.697Z"}
{"level":"info","message":"MongoDb connected successfuly...","timestamp":"2020-11-16T12:22:34.719Z"}
{"level":"info","message":"App is listening on url http://localhost:8080","timestamp":"2020-11-16T12:22:43.685Z"}
{"level":"info","message":"MongoDb connected successfuly...","timestamp":"2020-11-16T12:22:43.702Z"}
{"level":"info","message":"App is listening on url http://localhost:8080","timestamp":"2020-11-16T12:23:09.794Z"}
{"level":"info","message":"MongoDb connected successfuly...","timestamp":"2020-11-16T12:23:09.812Z"}
{"level":"info","message":"App is listening on url http://localhost:8080","timestamp":"2020-11-16T12:23:14.217Z"}
{"level":"info","message":"MongoDb connected successfuly...","timestamp":"2020-11-16T12:23:14.236Z"}
{"level":"info","message":"App is listening on url http://localhost:8080","timestamp":"2020-11-16T12:23:16.424Z"}
{"level":"info","message":"MongoDb connected successfuly...","timestamp":"2020-11-16T12:23:16.442Z"}
{"level":"info","message":"App is listening on url http://localhost:8080","timestamp":"2020-11-16T12:23:18.084Z"}
{"level":"info","message":"MongoDb connected successfuly...","timestamp":"2020-11-16T12:23:18.111Z"}
{"level":"info","message":"App is listening on url http://localhost:8080","timestamp":"2020-11-16T12:23:21.021Z"}
{"level":"info","message":"MongoDb connected successfuly...","timestamp":"2020-11-16T12:23:21.087Z"}
{"level":"info","message":"App is listening on url http://localhost:8080","timestamp":"2020-11-16T12:23:26.375Z"}
{"level":"info","message":"MongoDb connected successfuly...","timestamp":"2020-11-16T12:23:26.410Z"}
{"level":"info","message":"App is listening on url http://localhost:8080","timestamp":"2020-11-16T12:23:28.858Z"}
{"level":"info","message":"MongoDb connected successfuly...","timestamp":"2020-11-16T12:23:28.875Z"}
{"level":"info","message":"App is listening on url http://localhost:8080","timestamp":"2020-11-16T12:23:35.187Z"}
{"level":"info","message":"MongoDb connected successfuly...","timestamp":"2020-11-16T12:23:35.204Z"}
{"level":"info","message":"App is listening on url http://localhost:8080","timestamp":"2020-11-16T12:23:39.773Z"}
{"level":"info","message":"MongoDb connected successfuly...","timestamp":"2020-11-16T12:23:39.792Z"}
{"level":"info","message":"App is listening on url http://localhost:8080","timestamp":"2020-11-16T12:23:42.136Z"}
{"level":"info","message":"MongoDb connected successfuly...","timestamp":"2020-11-16T12:23:42.162Z"}
{"level":"info","message":"App is listening on url http://localhost:8080","timestamp":"2020-11-16T12:23:46.876Z"}
{"level":"info","message":"MongoDb connected successfuly...","timestamp":"2020-11-16T12:23:46.898Z"}
{"level":"info","message":"App is listening on url http://localhost:8080","timestamp":"2020-11-16T12:23:49.866Z"}
{"level":"info","message":"MongoDb connected successfuly...","timestamp":"2020-11-16T12:23:49.884Z"}
{"level":"info","message":"App is listening on url http://localhost:8080","timestamp":"2020-11-16T12:23:56.232Z"}
{"level":"info","message":"MongoDb connected successfuly...","timestamp":"2020-11-16T12:23:56.248Z"}
{"level":"info","message":"App is listening on url http://localhost:8080","timestamp":"2020-11-16T12:24:08.154Z"}
{"level":"info","message":"MongoDb connected successfuly...","timestamp":"2020-11-16T12:24:08.173Z"}
{"level":"info","message":"App is listening on url http://localhost:8080","timestamp":"2020-11-16T12:24:09.486Z"}
{"level":"info","message":"MongoDb connected successfuly...","timestamp":"2020-11-16T12:24:09.507Z"}
{"level":"info","message":"App is listening on url http://localhost:8080","timestamp":"2020-11-16T12:24:10.660Z"}
{"level":"info","message":"MongoDb connected successfuly...","timestamp":"2020-11-16T12:24:10.678Z"}
{"level":"info","message":"App is listening on url http://localhost:8080","timestamp":"2020-11-16T12:24:19.744Z"}
{"level":"info","message":"MongoDb connected successfuly...","timestamp":"2020-11-16T12:24:19.765Z"}
{"level":"info","message":"App is listening on url http://localhost:8080","timestamp":"2020-11-16T12:24:26.463Z"}
{"level":"info","message":"MongoDb connected successfuly...","timestamp":"2020-11-16T12:24:26.482Z"}
{"level":"info","message":"App is listening on url http://localhost:8080","timestamp":"2020-11-16T12:24:27.681Z"}
{"level":"info","message":"MongoDb connected successfuly...","timestamp":"2020-11-16T12:24:27.703Z"}
{"level":"info","message":"App is listening on url http://localhost:8080","timestamp":"2020-11-16T12:26:46.621Z"}
{"level":"info","message":"MongoDb connected successfuly...","timestamp":"2020-11-16T12:26:46.639Z"}
{"level":"info","message":"App is listening on url http://localhost:8080","timestamp":"2020-11-16T12:26:47.582Z"}
{"level":"info","message":"MongoDb connected successfuly...","timestamp":"2020-11-16T12:26:47.599Z"}
{"level":"info","message":"App is listening on url http://localhost:8080","timestamp":"2020-11-16T12:28:06.580Z"}
{"level":"info","message":"MongoDb connected successfuly...","timestamp":"2020-11-16T12:28:06.598Z"}
{"level":"info","message":"App is listening on url http://localhost:8080","timestamp":"2020-11-16T12:28:18.917Z"}
{"level":"info","message":"MongoDb connected successfuly...","timestamp":"2020-11-16T12:28:18.938Z"}
{"level":"info","message":"App is listening on url http://localhost:8080","timestamp":"2020-11-16T12:28:22.874Z"}
{"level":"info","message":"MongoDb connected successfuly...","timestamp":"2020-11-16T12:28:22.893Z"}
{"level":"info","message":"App is listening on url http://localhost:8080","timestamp":"2020-11-16T12:28:24.076Z"}
{"level":"info","message":"MongoDb connected successfuly...","timestamp":"2020-11-16T12:28:24.120Z"}
{"level":"info","message":"App is listening on url http://localhost:8080","timestamp":"2020-11-16T12:34:25.668Z"}
{"level":"info","message":"MongoDb connected successfuly...","timestamp":"2020-11-16T12:34:25.693Z"}
{"level":"info","message":"App is listening on url http://localhost:8080","timestamp":"2020-11-16T12:37:24.008Z"}
{"level":"info","message":"MongoDb connected successfuly...","timestamp":"2020-11-16T12:37:24.025Z"}
{"level":"info","message":"App is listening on url http://localhost:8080","timestamp":"2020-11-16T12:37:47.030Z"}
{"level":"info","message":"MongoDb connected successfuly...","timestamp":"2020-11-16T12:37:47.047Z"}
{"level":"info","message":"App is listening on url http://localhost:8080","timestamp":"2020-11-16T12:37:50.648Z"}
{"level":"info","message":"MongoDb connected successfuly...","timestamp":"2020-11-16T12:37:50.668Z"}
{"level":"info","message":"App is listening on url http://localhost:8080","timestamp":"2020-11-16T12:39:06.614Z"}
{"level":"info","message":"MongoDb connected successfuly...","timestamp":"2020-11-16T12:39:06.632Z"}
{"level":"info","message":"App is listening on url http://localhost:8080","timestamp":"2020-11-16T12:39:18.453Z"}
{"level":"info","message":"MongoDb connected successfuly...","timestamp":"2020-11-16T12:39:18.470Z"}
{"level":"info","message":"App is listening on url http://localhost:8080","timestamp":"2020-11-16T12:39:29.052Z"}
{"level":"info","message":"MongoDb connected successfuly...","timestamp":"2020-11-16T12:39:29.075Z"}
{"level":"info","message":"App is listening on url http://localhost:8080","timestamp":"2020-11-16T12:39:32.080Z"}
{"level":"info","message":"MongoDb connected successfuly...","timestamp":"2020-11-16T12:39:32.098Z"}
{"level":"info","message":"App is listening on url http://localhost:8080","timestamp":"2020-11-16T12:39:38.981Z"}
{"level":"info","message":"MongoDb connected successfuly...","timestamp":"2020-11-16T12:39:39.000Z"}
{"level":"info","message":"App is listening on url http://localhost:8080","timestamp":"2020-11-16T12:39:41.086Z"}
{"level":"info","message":"MongoDb connected successfuly...","timestamp":"2020-11-16T12:39:41.118Z"}
{"level":"info","message":"App is listening on url http://localhost:8080","timestamp":"2020-11-16T12:40:56.423Z"}
{"level":"info","message":"MongoDb connected successfuly...","timestamp":"2020-11-16T12:40:56.446Z"}
{"level":"info","message":"App is listening on url http://localhost:8080","timestamp":"2020-11-16T12:41:04.886Z"}
{"level":"info","message":"MongoDb connected successfuly...","timestamp":"2020-11-16T12:41:04.906Z"}
{"level":"info","message":"App is listening on url http://localhost:8080","timestamp":"2020-11-16T12:41:08.455Z"}
{"level":"info","message":"MongoDb connected successfuly...","timestamp":"2020-11-16T12:41:08.474Z"}
{"level":"info","message":"App is listening on url http://localhost:8080","timestamp":"2020-11-16T12:41:10.090Z"}
{"level":"info","message":"MongoDb connected successfuly...","timestamp":"2020-11-16T12:41:10.108Z"}
{"level":"info","message":"App is listening on url http://localhost:8080","timestamp":"2020-11-16T12:41:12.273Z"}
{"level":"info","message":"MongoDb connected successfuly...","timestamp":"2020-11-16T12:41:12.293Z"}
{"level":"info","message":"App is listening on url http://localhost:8080","timestamp":"2020-11-16T12:41:24.103Z"}
{"level":"info","message":"MongoDb connected successfuly...","timestamp":"2020-11-16T12:41:24.130Z"}
{"level":"info","message":"App is listening on url http://localhost:8080","timestamp":"2020-11-16T12:41:31.509Z"}
{"level":"info","message":"MongoDb connected successfuly...","timestamp":"2020-11-16T12:41:31.527Z"}
{"level":"info","message":"App is listening on url http://localhost:8080","timestamp":"2020-11-16T12:41:59.456Z"}
{"level":"info","message":"MongoDb connected successfuly...","timestamp":"2020-11-16T12:41:59.495Z"}
{"level":"info","message":"App is listening on url http://localhost:8080","timestamp":"2020-11-16T12:42:02.247Z"}
{"level":"info","message":"MongoDb connected successfuly...","timestamp":"2020-11-16T12:42:02.264Z"}
{"level":"info","message":"App is listening on url http://localhost:8080","timestamp":"2020-11-16T12:42:05.494Z"}
{"level":"info","message":"MongoDb connected successfuly...","timestamp":"2020-11-16T12:42:05.516Z"}
{"level":"info","message":"App is listening on url http://localhost:8080","timestamp":"2020-11-16T12:42:16.123Z"}
{"level":"info","message":"MongoDb connected successfuly...","timestamp":"2020-11-16T12:42:16.143Z"}
{"level":"info","message":"App is listening on url http://localhost:8080","timestamp":"2020-11-16T12:42:26.763Z"}
{"level":"info","message":"MongoDb connected successfuly...","timestamp":"2020-11-16T12:42:26.781Z"}
{"level":"info","message":"App is listening on url http://localhost:8080","timestamp":"2020-11-16T12:42:28.307Z"}
{"level":"info","message":"MongoDb connected successfuly...","timestamp":"2020-11-16T12:42:28.328Z"}
{"level":"info","message":"App is listening on url http://localhost:8080","timestamp":"2020-11-16T12:42:37.743Z"}
{"level":"info","message":"MongoDb connected successfuly...","timestamp":"2020-11-16T12:42:37.762Z"}
{"level":"info","message":"App is listening on url http://localhost:8080","timestamp":"2020-11-16T12:42:38.871Z"}
{"level":"info","message":"MongoDb connected successfuly...","timestamp":"2020-11-16T12:42:38.890Z"}
{"level":"info","message":"App is listening on url http://localhost:8080","timestamp":"2020-11-16T12:42:40.886Z"}
{"level":"info","message":"MongoDb connected successfuly...","timestamp":"2020-11-16T12:42:40.909Z"}
{"level":"info","message":"App is listening on url http://localhost:8080","timestamp":"2020-11-16T12:42:46.120Z"}
{"level":"info","message":"MongoDb connected successfuly...","timestamp":"2020-11-16T12:42:46.146Z"}
{"level":"info","message":"App is listening on url http://localhost:8080","timestamp":"2020-11-16T12:42:47.616Z"}
{"level":"info","message":"MongoDb connected successfuly...","timestamp":"2020-11-16T12:42:47.633Z"}
{"level":"info","message":"App is listening on url http://localhost:8080","timestamp":"2020-11-16T12:42:49.216Z"}
{"level":"info","message":"MongoDb connected successfuly...","timestamp":"2020-11-16T12:42:49.233Z"}
{"level":"info","message":"App is listening on url http://localhost:8080","timestamp":"2020-11-16T12:43:01.962Z"}
{"level":"info","message":"MongoDb connected successfuly...","timestamp":"2020-11-16T12:43:02.071Z"}
{"level":"info","message":"App is listening on url http://localhost:8080","timestamp":"2020-11-16T12:43:10.627Z"}
{"level":"info","message":"MongoDb connected successfuly...","timestamp":"2020-11-16T12:43:10.648Z"}
{"level":"info","message":"App is listening on url http://localhost:8080","timestamp":"2020-11-16T12:43:25.643Z"}
{"level":"info","message":"MongoDb connected successfuly...","timestamp":"2020-11-16T12:43:25.663Z"}
{"level":"info","message":"App is listening on url http://localhost:8080","timestamp":"2020-11-16T12:43:27.129Z"}
{"level":"info","message":"MongoDb connected successfuly...","timestamp":"2020-11-16T12:43:27.152Z"}
{"level":"info","message":"App is listening on url http://localhost:8080","timestamp":"2020-11-30T15:16:17.874Z"}
{"level":"info","message":"MongoDb connected successfuly...","timestamp":"2020-11-30T15:16:17.898Z"}
{"level":"info","message":"App is listening on url http://localhost:8080","timestamp":"2020-12-09T06:29:06.574Z"}
{"level":"info","message":"MongoDb connected successfuly...","timestamp":"2020-12-09T06:29:06.620Z"}
{"level":"info","message":"App is listening on url http://localhost:8080","timestamp":"2021-02-18T08:31:03.273Z"}
{"level":"info","message":"MongoDb connected successfuly...","timestamp":"2021-02-18T08:31:03.315Z"}
{"level":"info","message":"App is listening on url http://localhost:8080","timestamp":"2021-04-12T21:05:04.641Z"}
{"level":"info","message":"MongoDb connected successfuly...","timestamp":"2021-04-12T21:05:04.661Z"}
{"level":"info","message":"App is listening on url http://localhost:8080","timestamp":"2021-04-12T21:24:01.769Z"}
{"level":"info","message":"MongoDb connected successfuly...","timestamp":"2021-04-12T21:24:01.789Z"}
{"level":"info","message":"App is listening on url http://localhost:8080","timestamp":"2021-04-12T21:24:33.672Z"}
{"level":"info","message":"MongoDb connected successfuly...","timestamp":"2021-04-12T21:24:33.719Z"}
{"level":"info","message":"App is listening on url http://localhost:8080","timestamp":"2021-04-12T22:27:01.029Z"}
{"level":"info","message":"MongoDb connected successfuly...","timestamp":"2021-04-12T22:27:01.047Z"}
{"level":"info","message":"App is listening on url http://localhost:8080","timestamp":"2021-04-20T20:36:21.457Z"}
{"level":"info","message":"MongoDb connected successfuly...","timestamp":"2021-04-20T20:36:21.813Z"}
{"level":"info","message":"App is listening on url http://localhost:8000","timestamp":"2021-04-20T22:28:59.515Z"}
{"level":"info","message":"MongoDb connected successfuly...","timestamp":"2021-04-20T22:28:59.533Z"}
{"level":"info","message":"App is listening on url http://localhost:8000","timestamp":"2021-04-21T14:49:24.096Z"}
{"level":"info","message":"MongoDb connected successfuly...","timestamp":"2021-04-21T14:49:24.117Z"}
{"level":"info","message":"App is listening on url http://localhost:8000","timestamp":"2021-04-21T21:10:49.604Z"}
{"level":"info","message":"MongoDb connected successfuly...","timestamp":"2021-04-21T21:10:49.659Z"}
{"level":"info","message":"App is listening on url http://localhost:8000","timestamp":"2021-04-21T21:12:44.489Z"}
{"level":"info","message":"MongoDb connected successfuly...","timestamp":"2021-04-21T21:12:44.556Z"}
{"level":"info","message":"App is listening on url http://localhost:8000","timestamp":"2021-04-21T21:13:10.861Z"}
{"level":"info","message":"MongoDb connected successfuly...","timestamp":"2021-04-21T21:13:10.905Z"}
{"level":"info","message":"App is listening on url http://localhost:8000","timestamp":"2021-04-21T21:15:31.044Z"}
{"level":"info","message":"MongoDb connected successfuly...","timestamp":"2021-04-21T21:15:31.080Z"}
{"level":"info","message":"App is listening on url http://localhost:8000","timestamp":"2021-04-21T21:18:00.844Z"}
{"level":"info","message":"MongoDb connected successfuly...","timestamp":"2021-04-21T21:18:00.878Z"}
{"level":"info","message":"App is listening on url http://localhost:8000","timestamp":"2021-04-21T21:28:20.534Z"}
{"level":"info","message":"MongoDb connected successfuly...","timestamp":"2021-04-21T21:28:20.554Z"}
{"level":"info","message":"App is listening on url http://localhost:8000","timestamp":"2021-04-21T21:33:48.063Z"}
{"level":"info","message":"MongoDb connected successfuly...","timestamp":"2021-04-21T21:33:48.088Z"}
{"level":"info","message":"App is listening on url http://localhost:8000","timestamp":"2021-04-21T21:40:06.104Z"}
{"level":"info","message":"MongoDb connected successfuly...","timestamp":"2021-04-21T21:40:06.154Z"}
{"level":"info","message":"App is listening on url http://localhost:8000","timestamp":"2021-04-21T21:45:21.525Z"}
{"level":"info","message":"MongoDb connected successfuly...","timestamp":"2021-04-21T21:45:21.551Z"}
{"level":"info","message":"App is listening on url http://localhost:8000","timestamp":"2021-04-21T21:57:19.368Z"}
{"level":"info","message":"MongoDb connected successfuly...","timestamp":"2021-04-21T21:57:19.386Z"}
{"message":"Failed to lookup view \"postlist\" in views directory \"D:\\React-Projects\\node-express-mongodb-mvc-ejs-crud\\views\"","stack":"Error: Failed to lookup view \"postlist\" in views directory \"D:\\React-Projects\\node-express-mongodb-mvc-ejs-crud\\views\"\n    at Function.render (D:\\React-Projects\\node-express-mongodb-mvc-ejs-crud\\node_modules\\express\\lib\\application.js:580:17)\n    at ServerResponse.render (D:\\React-Projects\\node-express-mongodb-mvc-ejs-crud\\node_modules\\express\\lib\\response.js:1012:7)\n    at ServerResponse.res.render (D:\\React-Projects\\node-express-mongodb-mvc-ejs-crud\\node_modules\\express-ejs-layouts\\lib\\express-layouts.js:77:18)\n    at getAllPosts (D:\\React-Projects\\node-express-mongodb-mvc-ejs-crud\\controllers\\customerController.js:5:9)\n    at processTicksAndRejections (internal/process/task_queues.js:93:5)","view":{"defaultEngine":"ejs","ext":".ejs","name":"postlist","root":"D:\\React-Projects\\node-express-mongodb-mvc-ejs-crud\\views"},"level":"error","timestamp":"2021-04-21T22:02:06.370Z"}
{"message":"Failed to lookup view \"postlist\" in views directory \"D:\\React-Projects\\node-express-mongodb-mvc-ejs-crud\\views\"","stack":"Error: Failed to lookup view \"postlist\" in views directory \"D:\\React-Projects\\node-express-mongodb-mvc-ejs-crud\\views\"\n    at Function.render (D:\\React-Projects\\node-express-mongodb-mvc-ejs-crud\\node_modules\\express\\lib\\application.js:580:17)\n    at ServerResponse.render (D:\\React-Projects\\node-express-mongodb-mvc-ejs-crud\\node_modules\\express\\lib\\response.js:1012:7)\n    at ServerResponse.res.render (D:\\React-Projects\\node-express-mongodb-mvc-ejs-crud\\node_modules\\express-ejs-layouts\\lib\\express-layouts.js:77:18)\n    at getAllPosts (D:\\React-Projects\\node-express-mongodb-mvc-ejs-crud\\controllers\\customerController.js:5:9)\n    at processTicksAndRejections (internal/process/task_queues.js:93:5)","view":{"defaultEngine":"ejs","ext":".ejs","name":"postlist","root":"D:\\React-Projects\\node-express-mongodb-mvc-ejs-crud\\views"},"level":"error","timestamp":"2021-04-21T22:02:10.085Z"}
{"level":"info","message":"App is listening on url http://localhost:8000","timestamp":"2021-04-21T22:03:18.964Z"}
{"level":"info","message":"MongoDb connected successfuly...","timestamp":"2021-04-21T22:03:18.993Z"}
{"message":"Failed to lookup view \"postlist\" in views directory \"D:\\React-Projects\\node-express-mongodb-mvc-ejs-crud\\views\"","stack":"Error: Failed to lookup view \"postlist\" in views directory \"D:\\React-Projects\\node-express-mongodb-mvc-ejs-crud\\views\"\n    at Function.render (D:\\React-Projects\\node-express-mongodb-mvc-ejs-crud\\node_modules\\express\\lib\\application.js:580:17)\n    at ServerResponse.render (D:\\React-Projects\\node-express-mongodb-mvc-ejs-crud\\node_modules\\express\\lib\\response.js:1012:7)\n    at ServerResponse.res.render (D:\\React-Projects\\node-express-mongodb-mvc-ejs-crud\\node_modules\\express-ejs-layouts\\lib\\express-layouts.js:77:18)\n    at getAllPosts (D:\\React-Projects\\node-express-mongodb-mvc-ejs-crud\\controllers\\customerController.js:5:9)\n    at processTicksAndRejections (internal/process/task_queues.js:93:5)","view":{"defaultEngine":"ejs","ext":".ejs","name":"postlist","root":"D:\\React-Projects\\node-express-mongodb-mvc-ejs-crud\\views"},"level":"error","timestamp":"2021-04-21T22:03:22.214Z"}
{"level":"info","message":"App is listening on url http://localhost:8000","timestamp":"2021-04-21T22:04:28.454Z"}
{"level":"info","message":"MongoDb connected successfuly...","timestamp":"2021-04-21T22:04:28.504Z"}
{"level":"info","message":"App is listening on url http://localhost:8000","timestamp":"2021-04-21T22:05:24.106Z"}
{"level":"info","message":"MongoDb connected successfuly...","timestamp":"2021-04-21T22:05:24.133Z"}
{"message":"Failed to lookup view \"postlist\" in views directory \"D:\\React-Projects\\node-express-mongodb-mvc-ejs-crud\\views\"","stack":"Error: Failed to lookup view \"postlist\" in views directory \"D:\\React-Projects\\node-express-mongodb-mvc-ejs-crud\\views\"\n    at Function.render (D:\\React-Projects\\node-express-mongodb-mvc-ejs-crud\\node_modules\\express\\lib\\application.js:580:17)\n    at ServerResponse.render (D:\\React-Projects\\node-express-mongodb-mvc-ejs-crud\\node_modules\\express\\lib\\response.js:1012:7)\n    at ServerResponse.res.render (D:\\React-Projects\\node-express-mongodb-mvc-ejs-crud\\node_modules\\express-ejs-layouts\\lib\\express-layouts.js:77:18)\n    at getAllPosts (D:\\React-Projects\\node-express-mongodb-mvc-ejs-crud\\controllers\\customerController.js:5:9)\n    at processTicksAndRejections (internal/process/task_queues.js:93:5)","view":{"defaultEngine":"ejs","ext":".ejs","name":"postlist","root":"D:\\React-Projects\\node-express-mongodb-mvc-ejs-crud\\views"},"level":"error","timestamp":"2021-04-21T22:05:28.055Z"}
{"message":"Failed to lookup view \"postlist\" in views directory \"D:\\React-Projects\\node-express-mongodb-mvc-ejs-crud\\views\"","stack":"Error: Failed to lookup view \"postlist\" in views directory \"D:\\React-Projects\\node-express-mongodb-mvc-ejs-crud\\views\"\n    at Function.render (D:\\React-Projects\\node-express-mongodb-mvc-ejs-crud\\node_modules\\express\\lib\\application.js:580:17)\n    at ServerResponse.render (D:\\React-Projects\\node-express-mongodb-mvc-ejs-crud\\node_modules\\express\\lib\\response.js:1012:7)\n    at ServerResponse.res.render (D:\\React-Projects\\node-express-mongodb-mvc-ejs-crud\\node_modules\\express-ejs-layouts\\lib\\express-layouts.js:77:18)\n    at getAllPosts (D:\\React-Projects\\node-express-mongodb-mvc-ejs-crud\\controllers\\customerController.js:5:9)\n    at processTicksAndRejections (internal/process/task_queues.js:93:5)","view":{"defaultEngine":"ejs","ext":".ejs","name":"postlist","root":"D:\\React-Projects\\node-express-mongodb-mvc-ejs-crud\\views"},"level":"error","timestamp":"2021-04-21T22:05:30.018Z"}
{"message":"Failed to lookup view \"postlist\" in views directory \"D:\\React-Projects\\node-express-mongodb-mvc-ejs-crud\\views\"","stack":"Error: Failed to lookup view \"postlist\" in views directory \"D:\\React-Projects\\node-express-mongodb-mvc-ejs-crud\\views\"\n    at Function.render (D:\\React-Projects\\node-express-mongodb-mvc-ejs-crud\\node_modules\\express\\lib\\application.js:580:17)\n    at ServerResponse.render (D:\\React-Projects\\node-express-mongodb-mvc-ejs-crud\\node_modules\\express\\lib\\response.js:1012:7)\n    at ServerResponse.res.render (D:\\React-Projects\\node-express-mongodb-mvc-ejs-crud\\node_modules\\express-ejs-layouts\\lib\\express-layouts.js:77:18)\n    at getAllPosts (D:\\React-Projects\\node-express-mongodb-mvc-ejs-crud\\controllers\\customerController.js:5:9)\n    at processTicksAndRejections (internal/process/task_queues.js:93:5)","view":{"defaultEngine":"ejs","ext":".ejs","name":"postlist","root":"D:\\React-Projects\\node-express-mongodb-mvc-ejs-crud\\views"},"level":"error","timestamp":"2021-04-21T22:05:30.183Z"}
{"message":"Failed to lookup view \"postlist\" in views directory \"D:\\React-Projects\\node-express-mongodb-mvc-ejs-crud\\views\"","stack":"Error: Failed to lookup view \"postlist\" in views directory \"D:\\React-Projects\\node-express-mongodb-mvc-ejs-crud\\views\"\n    at Function.render (D:\\React-Projects\\node-express-mongodb-mvc-ejs-crud\\node_modules\\express\\lib\\application.js:580:17)\n    at ServerResponse.render (D:\\React-Projects\\node-express-mongodb-mvc-ejs-crud\\node_modules\\express\\lib\\response.js:1012:7)\n    at ServerResponse.res.render (D:\\React-Projects\\node-express-mongodb-mvc-ejs-crud\\node_modules\\express-ejs-layouts\\lib\\express-layouts.js:77:18)\n    at getAllPosts (D:\\React-Projects\\node-express-mongodb-mvc-ejs-crud\\controllers\\customerController.js:5:9)\n    at processTicksAndRejections (internal/process/task_queues.js:93:5)","view":{"defaultEngine":"ejs","ext":".ejs","name":"postlist","root":"D:\\React-Projects\\node-express-mongodb-mvc-ejs-crud\\views"},"level":"error","timestamp":"2021-04-21T22:05:30.353Z"}
{"message":"Failed to lookup view \"postlist\" in views directory \"D:\\React-Projects\\node-express-mongodb-mvc-ejs-crud\\views\"","stack":"Error: Failed to lookup view \"postlist\" in views directory \"D:\\React-Projects\\node-express-mongodb-mvc-ejs-crud\\views\"\n    at Function.render (D:\\React-Projects\\node-express-mongodb-mvc-ejs-crud\\node_modules\\express\\lib\\application.js:580:17)\n    at ServerResponse.render (D:\\React-Projects\\node-express-mongodb-mvc-ejs-crud\\node_modules\\express\\lib\\response.js:1012:7)\n    at ServerResponse.res.render (D:\\React-Projects\\node-express-mongodb-mvc-ejs-crud\\node_modules\\express-ejs-layouts\\lib\\express-layouts.js:77:18)\n    at getAllPosts (D:\\React-Projects\\node-express-mongodb-mvc-ejs-crud\\controllers\\customerController.js:5:9)\n    at processTicksAndRejections (internal/process/task_queues.js:93:5)","view":{"defaultEngine":"ejs","ext":".ejs","name":"postlist","root":"D:\\React-Projects\\node-express-mongodb-mvc-ejs-crud\\views"},"level":"error","timestamp":"2021-04-21T22:05:30.573Z"}
{"message":"Failed to lookup view \"postlist\" in views directory \"D:\\React-Projects\\node-express-mongodb-mvc-ejs-crud\\views\"","stack":"Error: Failed to lookup view \"postlist\" in views directory \"D:\\React-Projects\\node-express-mongodb-mvc-ejs-crud\\views\"\n    at Function.render (D:\\React-Projects\\node-express-mongodb-mvc-ejs-crud\\node_modules\\express\\lib\\application.js:580:17)\n    at ServerResponse.render (D:\\React-Projects\\node-express-mongodb-mvc-ejs-crud\\node_modules\\express\\lib\\response.js:1012:7)\n    at ServerResponse.res.render (D:\\React-Projects\\node-express-mongodb-mvc-ejs-crud\\node_modules\\express-ejs-layouts\\lib\\express-layouts.js:77:18)\n    at getAllPosts (D:\\React-Projects\\node-express-mongodb-mvc-ejs-crud\\controllers\\customerController.js:5:9)\n    at processTicksAndRejections (internal/process/task_queues.js:93:5)","view":{"defaultEngine":"ejs","ext":".ejs","name":"postlist","root":"D:\\React-Projects\\node-express-mongodb-mvc-ejs-crud\\views"},"level":"error","timestamp":"2021-04-21T22:05:31.052Z"}
{"message":"Failed to lookup view \"postlist\" in views directory \"D:\\React-Projects\\node-express-mongodb-mvc-ejs-crud\\views\"","stack":"Error: Failed to lookup view \"postlist\" in views directory \"D:\\React-Projects\\node-express-mongodb-mvc-ejs-crud\\views\"\n    at Function.render (D:\\React-Projects\\node-express-mongodb-mvc-ejs-crud\\node_modules\\express\\lib\\application.js:580:17)\n    at ServerResponse.render (D:\\React-Projects\\node-express-mongodb-mvc-ejs-crud\\node_modules\\express\\lib\\response.js:1012:7)\n    at ServerResponse.res.render (D:\\React-Projects\\node-express-mongodb-mvc-ejs-crud\\node_modules\\express-ejs-layouts\\lib\\express-layouts.js:77:18)\n    at getAllPosts (D:\\React-Projects\\node-express-mongodb-mvc-ejs-crud\\controllers\\customerController.js:5:9)\n    at processTicksAndRejections (internal/process/task_queues.js:93:5)","view":{"defaultEngine":"ejs","ext":".ejs","name":"postlist","root":"D:\\React-Projects\\node-express-mongodb-mvc-ejs-crud\\views"},"level":"error","timestamp":"2021-04-21T22:05:31.217Z"}
{"message":"Failed to lookup view \"postlist\" in views directory \"D:\\React-Projects\\node-express-mongodb-mvc-ejs-crud\\views\"","stack":"Error: Failed to lookup view \"postlist\" in views directory \"D:\\React-Projects\\node-express-mongodb-mvc-ejs-crud\\views\"\n    at Function.render (D:\\React-Projects\\node-express-mongodb-mvc-ejs-crud\\node_modules\\express\\lib\\application.js:580:17)\n    at ServerResponse.render (D:\\React-Projects\\node-express-mongodb-mvc-ejs-crud\\node_modules\\express\\lib\\response.js:1012:7)\n    at ServerResponse.res.render (D:\\React-Projects\\node-express-mongodb-mvc-ejs-crud\\node_modules\\express-ejs-layouts\\lib\\express-layouts.js:77:18)\n    at getAllPosts (D:\\React-Projects\\node-express-mongodb-mvc-ejs-crud\\controllers\\customerController.js:5:9)\n    at processTicksAndRejections (internal/process/task_queues.js:93:5)","view":{"defaultEngine":"ejs","ext":".ejs","name":"postlist","root":"D:\\React-Projects\\node-express-mongodb-mvc-ejs-crud\\views"},"level":"error","timestamp":"2021-04-21T22:05:31.399Z"}
{"level":"info","message":"App is listening on url http://localhost:8000","timestamp":"2021-04-21T22:15:19.574Z"}
{"level":"info","message":"MongoDb connected successfuly...","timestamp":"2021-04-21T22:15:19.593Z"}
{"level":"info","message":"App is listening on url http://localhost:8000","timestamp":"2021-04-21T22:18:03.682Z"}
{"level":"info","message":"MongoDb connected successfuly...","timestamp":"2021-04-21T22:18:03.705Z"}
{"level":"info","message":"App is listening on url http://localhost:8000","timestamp":"2021-04-21T22:20:42.304Z"}
{"level":"info","message":"MongoDb connected successfuly...","timestamp":"2021-04-21T22:20:42.369Z"}
{"level":"info","message":"App is listening on url http://localhost:8000","timestamp":"2021-04-21T22:21:00.556Z"}
{"level":"info","message":"MongoDb connected successfuly...","timestamp":"2021-04-21T22:21:00.582Z"}
{"level":"info","message":"App is listening on url http://localhost:8000","timestamp":"2021-04-21T22:24:59.577Z"}
{"level":"info","message":"MongoDb connected successfuly...","timestamp":"2021-04-21T22:24:59.594Z"}
{"level":"info","message":"App is listening on url http://localhost:8000","timestamp":"2021-04-21T22:27:04.798Z"}
{"level":"info","message":"MongoDb connected successfuly...","timestamp":"2021-04-21T22:27:04.819Z"}
{"level":"info","message":"App is listening on url http://localhost:8000","timestamp":"2021-04-21T22:28:48.899Z"}
{"level":"info","message":"MongoDb connected successfuly...","timestamp":"2021-04-21T22:28:48.927Z"}
{"level":"info","message":"App is listening on url http://localhost:8000","timestamp":"2021-04-21T22:34:27.853Z"}
{"level":"info","message":"MongoDb connected successfuly...","timestamp":"2021-04-21T22:34:27.880Z"}
{"level":"info","message":"App is listening on url http://localhost:8000","timestamp":"2021-04-21T22:49:56.324Z"}
{"level":"info","message":"MongoDb connected successfuly...","timestamp":"2021-04-21T22:49:56.355Z"}
{"level":"info","message":"App is listening on url http://localhost:8000","timestamp":"2021-04-21T22:50:51.468Z"}
{"level":"info","message":"MongoDb connected successfuly...","timestamp":"2021-04-21T22:50:51.487Z"}
{"level":"info","message":"App is listening on url http://localhost:8000","timestamp":"2021-04-21T22:52:01.749Z"}
{"level":"info","message":"MongoDb connected successfuly...","timestamp":"2021-04-21T22:52:01.807Z"}
{"level":"info","message":"App is listening on url http://localhost:8000","timestamp":"2021-04-29T10:20:33.627Z"}
{"level":"info","message":"MongoDb connected successfuly...","timestamp":"2021-04-29T10:20:33.677Z"}
{"level":"info","message":"App is listening on url http://localhost:8000","timestamp":"2021-04-29T10:45:44.077Z"}
{"level":"info","message":"MongoDb connected successfuly...","timestamp":"2021-04-29T10:45:44.102Z"}
{"level":"info","message":"App is listening on url http://localhost:8000","timestamp":"2021-04-29T10:46:41.635Z"}
{"level":"info","message":"MongoDb connected successfuly...","timestamp":"2021-04-29T10:46:41.658Z"}
{"level":"info","message":"App is listening on url http://localhost:8000","timestamp":"2021-04-29T10:50:52.037Z"}
{"level":"info","message":"MongoDb connected successfuly...","timestamp":"2021-04-29T10:50:52.057Z"}
{"level":"info","message":"App is listening on url http://localhost:8000","timestamp":"2021-04-29T10:52:08.454Z"}
{"level":"info","message":"MongoDb connected successfuly...","timestamp":"2021-04-29T10:52:08.473Z"}
{"level":"info","message":"App is listening on url http://localhost:8000","timestamp":"2021-04-29T10:52:54.758Z"}
{"level":"info","message":"MongoDb connected successfuly...","timestamp":"2021-04-29T10:52:54.784Z"}
{"level":"info","message":"App is listening on url http://localhost:8000","timestamp":"2021-04-29T11:05:04.272Z"}
{"level":"info","message":"MongoDb connected successfuly...","timestamp":"2021-04-29T11:05:04.291Z"}
{"level":"info","message":"App is listening on url http://localhost:8000","timestamp":"2021-04-29T12:02:23.263Z"}
{"level":"info","message":"MongoDb connected successfuly...","timestamp":"2021-04-29T12:02:23.336Z"}
